<?xml version="1.0" encoding="UTF-8"?>
<!-- Generated by org.testng.reporters.JUnitXMLReporter -->
<testsuite ignored="0" hostname="DESKTOP-1MPHE0I" failures="0" tests="3" name="Default test" time="7.93" errors="0" timestamp="2024-07-23T13:26:39 IST">
  <testcase classname="practice.testng.SampleReportTest" name="createContactTest" time="7.802"/>
  <testcase classname="practice.testng.SampleReportTest" name="createContactWithOrg" time="0.011"/>
  <testcase classname="practice.testng.SampleReportTest" name="createContactWithPhoneNumber" time="0.014"/>
</testsuite> <!-- Default test -->
