<?xml version="1.0" encoding="UTF-8"?>
<!-- Generated by org.testng.reporters.JUnitXMLReporter -->
<testsuite ignored="2" hostname="DESKTOP-1MPHE0I" failures="0" tests="4" name="Test" time="0.306" errors="0" timestamp="2024-07-16T03:08:19 PDT">
  <testcase classname="com.crm.comcast.contacttest.CreateContactTest" name="createContact" time="0.025"/>
  <testcase classname="com.crm.comcast.contacttest.CreateContactTest" name="createContactWithDate" time="0.013"/>
  <testcase classname="com.crm.comcast.contacttest.CreateOrgTest" name="createOrgTest" time="0.013"/>
  <testcase classname="com.crm.comcast.contacttest.CreateOrgTest" name="createOrgWithIndustries" time="0.007"/>
  <testcase classname="com.crm.generic.baseutility.BaseClass" name="@AfterSuite configAS" time="0.0">
    <ignored/>
  </testcase> <!-- @AfterSuite configAS -->
  <testcase classname="com.crm.generic.baseutility.BaseClass" name="@BeforeSuite configBS" time="0.0">
    <ignored/>
  </testcase> <!-- @BeforeSuite configBS -->
</testsuite> <!-- Test -->
