<?xml version="1.0" encoding="UTF-8"?>
<testng-results ignored="0" total="3" passed="3" failed="0" skipped="0">
  <reporter-output>
  </reporter-output>
  <suite started-at="2024-07-23T13:26:31 IST" name="Default suite" finished-at="2024-07-23T13:26:39 IST" duration-ms="7930">
    <groups>
    </groups>
    <test started-at="2024-07-23T13:26:31 IST" name="Default test" finished-at="2024-07-23T13:26:39 IST" duration-ms="7930">
      <class name="practice.testng.SampleReportTest">
        <test-method is-config="true" signature="configBS()[pri:0, instance:practice.testng.SampleReportTest@72d1ad2e]" started-at="2024-07-23T13:26:30 IST" name="configBS" finished-at="2024-07-23T13:26:31 IST" duration-ms="901" status="PASS">
          <reporter-output>
          </reporter-output>
        </test-method> <!-- configBS -->
        <test-method signature="createContactTest()[pri:0, instance:practice.testng.SampleReportTest@72d1ad2e]" started-at="2024-07-23T13:26:31 IST" name="createContactTest" finished-at="2024-07-23T13:26:39 IST" duration-ms="7802" status="PASS">
          <reporter-output>
          </reporter-output>
        </test-method> <!-- createContactTest -->
        <test-method signature="createContactWithOrg()[pri:0, instance:practice.testng.SampleReportTest@72d1ad2e]" started-at="2024-07-23T13:26:39 IST" name="createContactWithOrg" finished-at="2024-07-23T13:26:39 IST" duration-ms="11" status="PASS">
          <reporter-output>
          </reporter-output>
        </test-method> <!-- createContactWithOrg -->
        <test-method signature="createContactWithPhoneNumber()[pri:0, instance:practice.testng.SampleReportTest@72d1ad2e]" started-at="2024-07-23T13:26:39 IST" name="createContactWithPhoneNumber" finished-at="2024-07-23T13:26:39 IST" duration-ms="14" status="PASS">
          <reporter-output>
          </reporter-output>
        </test-method> <!-- createContactWithPhoneNumber -->
        <test-method is-config="true" signature="configAs()[pri:0, instance:practice.testng.SampleReportTest@72d1ad2e]" started-at="2024-07-23T13:26:39 IST" name="configAs" finished-at="2024-07-23T13:26:40 IST" duration-ms="1295" status="PASS">
          <reporter-output>
          </reporter-output>
        </test-method> <!-- configAs -->
      </class> <!-- practice.testng.SampleReportTest -->
    </test> <!-- Default test -->
  </suite> <!-- Default suite -->
</testng-results>
